Using pre-set license
Built from '2020.3/release' branch; Version is '2020.3.12f1 (b3b2c6512326) revision 11776710'; Using compiler version '192528614'; Build Type 'Release'
OS: 'Windows 10 Pro; OS build 19044.1466; Version 2009; 64bit' Language: 'en' Physical Memory: 32716 MB
BatchMode: 1, IsHumanControllingUs: 0, StartBugReporterOnCrash: 0, Is64bit: 1, IsPro: 0

 COMMAND LINE ARGUMENTS:
C:\Program Files\Unity\Hub\Editor\2020.3.12f1\Editor\Unity.exe
-adb2
-batchMode
-noUpm
-name
AssetImportWorker0
-projectPath
C:/Users/kev_0/Downloads/fmodstudio20010unity-survival-shooter-project-Unity 2018.4/fmodstudio10000unity-survival-shooter-project
-logFile
Logs/AssetImportWorker0.log
-srvPort
59982
Successfully changed project path to: C:/Users/kev_0/Downloads/fmodstudio20010unity-survival-shooter-project-Unity 2018.4/fmodstudio10000unity-survival-shooter-project
C:/Users/kev_0/Downloads/fmodstudio20010unity-survival-shooter-project-Unity 2018.4/fmodstudio10000unity-survival-shooter-project
Using Asset Import Pipeline V2.
Refreshing native plugins compatible for Editor in 54.10 ms, found 2 plugins.
Preloading 0 native plugins for Editor in 0.00 ms.
Initialize engine version: 2020.3.12f1 (b3b2c6512326)
[Subsystems] Discovering subsystems at path C:/Program Files/Unity/Hub/Editor/2020.3.12f1/Editor/Data/Resources/UnitySubsystems
[Subsystems] Discovering subsystems at path C:/Users/kev_0/Downloads/fmodstudio20010unity-survival-shooter-project-Unity 2018.4/fmodstudio10000unity-survival-shooter-project/Assets
GfxDevice: creating device client; threaded=0
Direct3D:
    Version:  Direct3D 11.0 [level 11.1]
    Renderer: AMD Radeon RX 5700 XT (ID=0x731f)
    Vendor:   
    VRAM:     8151 MB
    Driver:   30.0.13025.5005
Initialize mono
Mono path[0] = 'C:/Program Files/Unity/Hub/Editor/2020.3.12f1/Editor/Data/Managed'
Mono path[1] = 'C:/Program Files/Unity/Hub/Editor/2020.3.12f1/Editor/Data/MonoBleedingEdge/lib/mono/unityjit'
Mono config path = 'C:/Program Files/Unity/Hub/Editor/2020.3.12f1/Editor/Data/MonoBleedingEdge/etc'
Using monoOptions --debugger-agent=transport=dt_socket,embedding=1,server=y,suspend=n,address=127.0.0.1:56744
Begin MonoManager ReloadAssembly
Registering precompiled unity dll's ...
Register platform support module: C:/Program Files/Unity/Hub/Editor/2020.3.12f1/Editor/Data/PlaybackEngines/WebGLSupport/UnityEditor.WebGL.Extensions.dll
Register platform support module: C:/Program Files/Unity/Hub/Editor/2020.3.12f1/Editor/Data/PlaybackEngines/WindowsStandaloneSupport/UnityEditor.WindowsStandalone.Extensions.dll
Registered in 0.002472 seconds.
Native extension for WindowsStandalone target not found
Native extension for WebGL target not found
Refreshing native plugins compatible for Editor in 43.69 ms, found 2 plugins.
Preloading 0 native plugins for Editor in 0.00 ms.
Mono: successfully reloaded assembly
- Completed reload, in  1.690 seconds
Platform modules already initialized, skipping
Registering precompiled user dll's ...
Registered in 0.004979 seconds.
Begin MonoManager ReloadAssembly
Native extension for WindowsStandalone target not found
Native extension for WebGL target not found
Refreshing native plugins compatible for Editor in 0.78 ms, found 2 plugins.
Preloading 0 native plugins for Editor in 0.00 ms.
Mono: successfully reloaded assembly
- Completed reload, in  1.004 seconds
Platform modules already initialized, skipping
========================================================================
Worker process is ready to serve import requests
Launched and connected shader compiler UnityShaderCompiler.exe after 0.05 seconds
Refreshing native plugins compatible for Editor in 0.83 ms, found 2 plugins.
Preloading 0 native plugins for Editor in 0.00 ms.
Unloading 1973 Unused Serialized files (Serialized files now loaded: 0)
System memory in use before: 81.8 MB.
System memory in use after: 81.9 MB.

Unloading 59 unused Assets to reduce memory usage. Loaded Objects now: 2376.
Total: 5.935900 ms (FindLiveObjects: 0.260700 ms CreateObjectMapping: 0.046400 ms MarkObjects: 5.524600 ms  DeleteObjects: 0.102300 ms)

AssetImportParameters requested are different than current active one (requested -> active):
  custom:framework-win-MediaFoundation: 216162199b28c13a410421893ffa2e32 -> 
  custom:video-decoder-ogg-theora: a1e56fd34408186e4bbccfd4996cb3dc -> 
  custom:container-muxer-webm: aa71ff27fc2769a1b78a27578f13a17b -> 
  custom:container-demuxer-webm: 4f35f7cbe854078d1ac9338744f61a02 -> 
  custom:container-demuxer-ogg: 62fdf1f143b41e24485cea50d1cbac27 -> 
  custom:video-encoder-webm-vp8: eb34c28f22e8b96e1ab97ce403110664 -> 
  custom:video-decoder-webm-vp8: 9c59270c3fd7afecdb556c50c9e8de78 -> 
  custom:audio-decoder-ogg-vorbis: bf7c407c2cedff20999df2af8eb42d56 -> 
  custom:audio-encoder-webm-vorbis: bf7c407c2cedff20999df2af8eb42d56 -> 
========================================================================
Received Import Request.
  path: Assets/Readme.asset
  artifactKey: Guid(83c2ed844a8c74b779a4c823d16594b1) Importer(815301076,1909f56bfc062723c751e8b465ee728b)
Start importing Assets/Readme.asset using Guid(83c2ed844a8c74b779a4c823d16594b1) Importer(815301076,1909f56bfc062723c751e8b465ee728b)  -> (artifact id: 'c5afa3fd10edab7f923f3aebf332ac3c') in 0.033966 seconds 
  Import took 0.037138 seconds .

========================================================================
Received Import Request.
  Time since last request: 10.416991 seconds.
  path: Assets/_CompletedAssets/Scenes
  artifactKey: Guid(94fd685081ffe6d428ca7849a33046da) Importer(815301076,1909f56bfc062723c751e8b465ee728b)
Start importing Assets/_CompletedAssets/Scenes using Guid(94fd685081ffe6d428ca7849a33046da) Importer(815301076,1909f56bfc062723c751e8b465ee728b)  -> (artifact id: '4f39303dde39198dd91164c797d74f38') in 0.007292 seconds 
  Import took 0.010609 seconds .

========================================================================
Received Import Request.
  Time since last request: 0.672811 seconds.
  path: Assets/_CompletedAssets/Scenes/Complete-Game.unity
  artifactKey: Guid(874e24e631d7345b0a29cc297bedb405) Importer(815301076,1909f56bfc062723c751e8b465ee728b)
Start importing Assets/_CompletedAssets/Scenes/Complete-Game.unity using Guid(874e24e631d7345b0a29cc297bedb405) Importer(815301076,1909f56bfc062723c751e8b465ee728b)  -> (artifact id: '44cd8e40c5e5cd65b5e87d16dc864b02') in 0.007895 seconds 
  Import took 0.010992 seconds .

========================================================================
Received Prepare
Registering precompiled user dll's ...
Registered in 0.004296 seconds.
Begin MonoManager ReloadAssembly
Native extension for WindowsStandalone target not found
Native extension for WebGL target not found
Refreshing native plugins compatible for Editor in 0.76 ms, found 2 plugins.
Preloading 0 native plugins for Editor in 0.00 ms.
Mono: successfully reloaded assembly
- Completed reload, in  0.839 seconds
Platform modules already initialized, skipping
Refreshing native plugins compatible for Editor in 0.53 ms, found 2 plugins.
Preloading 0 native plugins for Editor in 0.00 ms.
Unloading 1968 Unused Serialized files (Serialized files now loaded: 0)
System memory in use before: 81.8 MB.
System memory in use after: 81.9 MB.

Unloading 50 unused Assets to reduce memory usage. Loaded Objects now: 2379.
Total: 4.825700 ms (FindLiveObjects: 0.218700 ms CreateObjectMapping: 0.044000 ms MarkObjects: 4.481400 ms  DeleteObjects: 0.080700 ms)

AssetImportParameters requested are different than current active one (requested -> active):
  custom:framework-win-MediaFoundation: 216162199b28c13a410421893ffa2e32 -> 
  custom:video-decoder-ogg-theora: a1e56fd34408186e4bbccfd4996cb3dc -> 
  custom:container-muxer-webm: aa71ff27fc2769a1b78a27578f13a17b -> 
  custom:container-demuxer-webm: 4f35f7cbe854078d1ac9338744f61a02 -> 
  custom:container-demuxer-ogg: 62fdf1f143b41e24485cea50d1cbac27 -> 
  custom:video-encoder-webm-vp8: eb34c28f22e8b96e1ab97ce403110664 -> 
  custom:video-decoder-webm-vp8: 9c59270c3fd7afecdb556c50c9e8de78 -> 
  custom:audio-decoder-ogg-vorbis: bf7c407c2cedff20999df2af8eb42d56 -> 
  custom:audio-encoder-webm-vorbis: bf7c407c2cedff20999df2af8eb42d56 -> 
========================================================================
Received Prepare
Registering precompiled user dll's ...
Registered in 0.004348 seconds.
Begin MonoManager ReloadAssembly
Native extension for WindowsStandalone target not found
Native extension for WebGL target not found
Refreshing native plugins compatible for Editor in 0.75 ms, found 2 plugins.
Preloading 0 native plugins for Editor in 0.00 ms.
Mono: successfully reloaded assembly
- Completed reload, in  0.852 seconds
Platform modules already initialized, skipping
Refreshing native plugins compatible for Editor in 0.74 ms, found 2 plugins.
Preloading 0 native plugins for Editor in 0.00 ms.
Unloading 1968 Unused Serialized files (Serialized files now loaded: 0)
System memory in use before: 81.9 MB.
System memory in use after: 82.0 MB.

Unloading 50 unused Assets to reduce memory usage. Loaded Objects now: 2382.
Total: 4.711400 ms (FindLiveObjects: 0.226200 ms CreateObjectMapping: 0.044900 ms MarkObjects: 4.372100 ms  DeleteObjects: 0.066800 ms)

AssetImportParameters requested are different than current active one (requested -> active):
  custom:framework-win-MediaFoundation: 216162199b28c13a410421893ffa2e32 -> 
  custom:video-decoder-ogg-theora: a1e56fd34408186e4bbccfd4996cb3dc -> 
  custom:container-muxer-webm: aa71ff27fc2769a1b78a27578f13a17b -> 
  custom:container-demuxer-webm: 4f35f7cbe854078d1ac9338744f61a02 -> 
  custom:container-demuxer-ogg: 62fdf1f143b41e24485cea50d1cbac27 -> 
  custom:video-encoder-webm-vp8: eb34c28f22e8b96e1ab97ce403110664 -> 
  custom:video-decoder-webm-vp8: 9c59270c3fd7afecdb556c50c9e8de78 -> 
  custom:audio-decoder-ogg-vorbis: bf7c407c2cedff20999df2af8eb42d56 -> 
  custom:audio-encoder-webm-vorbis: bf7c407c2cedff20999df2af8eb42d56 -> 
========================================================================
Received Prepare
Registering precompiled user dll's ...
Registered in 0.005053 seconds.
Begin MonoManager ReloadAssembly
Native extension for WindowsStandalone target not found
Native extension for WebGL target not found
Refreshing native plugins compatible for Editor in 0.85 ms, found 2 plugins.
Preloading 0 native plugins for Editor in 0.00 ms.
Mono: successfully reloaded assembly
- Completed reload, in  0.929 seconds
Platform modules already initialized, skipping
Refreshing native plugins compatible for Editor in 0.78 ms, found 2 plugins.
Preloading 0 native plugins for Editor in 0.00 ms.
Unloading 1968 Unused Serialized files (Serialized files now loaded: 0)
System memory in use before: 81.9 MB.
System memory in use after: 82.0 MB.

Unloading 50 unused Assets to reduce memory usage. Loaded Objects now: 2385.
Total: 5.658600 ms (FindLiveObjects: 0.272700 ms CreateObjectMapping: 0.044600 ms MarkObjects: 5.239300 ms  DeleteObjects: 0.099600 ms)

AssetImportParameters requested are different than current active one (requested -> active):
  custom:framework-win-MediaFoundation: 216162199b28c13a410421893ffa2e32 -> 
  custom:video-decoder-ogg-theora: a1e56fd34408186e4bbccfd4996cb3dc -> 
  custom:container-muxer-webm: aa71ff27fc2769a1b78a27578f13a17b -> 
  custom:container-demuxer-webm: 4f35f7cbe854078d1ac9338744f61a02 -> 
  custom:container-demuxer-ogg: 62fdf1f143b41e24485cea50d1cbac27 -> 
  custom:video-encoder-webm-vp8: eb34c28f22e8b96e1ab97ce403110664 -> 
  custom:video-decoder-webm-vp8: 9c59270c3fd7afecdb556c50c9e8de78 -> 
  custom:audio-decoder-ogg-vorbis: bf7c407c2cedff20999df2af8eb42d56 -> 
  custom:audio-encoder-webm-vorbis: bf7c407c2cedff20999df2af8eb42d56 -> 
========================================================================
Received Import Request.
  Time since last request: 575.478977 seconds.
  path: Assets/_CompletedAssets/Scripts
  artifactKey: Guid(7726b090c619c2943a9ef99d175b17b4) Importer(815301076,1909f56bfc062723c751e8b465ee728b)
Start importing Assets/_CompletedAssets/Scripts using Guid(7726b090c619c2943a9ef99d175b17b4) Importer(815301076,1909f56bfc062723c751e8b465ee728b)  -> (artifact id: '90bf38b917aee7cbbd27197d826bbf4b') in 0.010112 seconds 
  Import took 0.014250 seconds .

========================================================================
Received Import Request.
  Time since last request: 0.893931 seconds.
  path: Assets/_CompletedAssets/Scripts
  artifactKey: Guid(7726b090c619c2943a9ef99d175b17b4) Importer(815301076,1909f56bfc062723c751e8b465ee728b)
Start importing Assets/_CompletedAssets/Scripts using Guid(7726b090c619c2943a9ef99d175b17b4) Importer(815301076,1909f56bfc062723c751e8b465ee728b)  -> (artifact id: '90bf38b917aee7cbbd27197d826bbf4b') in 0.002080 seconds 
  Import took 0.004686 seconds .

========================================================================
Received Import Request.
  Time since last request: 30.845161 seconds.
  path: Assets/Textures/ArchesDiffuse.png
  artifactKey: Guid(f991c5ebb40b5db42b9505a1a96c5ffa) Importer(815301076,1909f56bfc062723c751e8b465ee728b)
Start importing Assets/Textures/ArchesDiffuse.png using Guid(f991c5ebb40b5db42b9505a1a96c5ffa) Importer(815301076,1909f56bfc062723c751e8b465ee728b)  -> (artifact id: 'c73dbc072aac5825b0c68d46841c158a') in 0.048251 seconds 
  Import took 0.051276 seconds .

========================================================================
Received Import Request.
  Time since last request: 0.000141 seconds.
  path: Assets/Textures/WallNormals.png
  artifactKey: Guid(25c6f434d9610ef44bf44671ef0be504) Importer(815301076,1909f56bfc062723c751e8b465ee728b)
Start importing Assets/Textures/WallNormals.png using Guid(25c6f434d9610ef44bf44671ef0be504) Importer(815301076,1909f56bfc062723c751e8b465ee728b)  -> (artifact id: '23876d5f2a7104f29c88eb6c60b27981') in 0.051999 seconds 
  Import took 0.054683 seconds .

========================================================================
Received Import Request.
  Time since last request: 0.000218 seconds.
  path: Assets/Textures/ZomBearDiffuse.png
  artifactKey: Guid(4543a6aa9a0d7874c86b472dbe652692) Importer(815301076,1909f56bfc062723c751e8b465ee728b)
Start importing Assets/Textures/ZomBearDiffuse.png using Guid(4543a6aa9a0d7874c86b472dbe652692) Importer(815301076,1909f56bfc062723c751e8b465ee728b)  -> (artifact id: 'ef9d2336c8e177d4566ebf88b9a98e2c') in 0.011289 seconds 
  Import took 0.014577 seconds .

========================================================================
Received Import Request.
  Time since last request: 0.000160 seconds.
  path: Assets/Textures/HellephantNormals.png
  artifactKey: Guid(39323f4e1dd1d80408bd05af5f2db69f) Importer(815301076,1909f56bfc062723c751e8b465ee728b)
Start importing Assets/Textures/HellephantNormals.png using Guid(39323f4e1dd1d80408bd05af5f2db69f) Importer(815301076,1909f56bfc062723c751e8b465ee728b)  -> (artifact id: 'bc90c916bbf736ff58d7d0f9252956b8') in 0.010652 seconds 
  Import took 0.013336 seconds .

========================================================================
Received Import Request.
  Time since last request: 0.000171 seconds.
  path: Assets/Textures/PlanksSpecular.tif
  artifactKey: Guid(41a4fe639750e1f46a3f96eef43eac7e) Importer(815301076,1909f56bfc062723c751e8b465ee728b)
Start importing Assets/Textures/PlanksSpecular.tif using Guid(41a4fe639750e1f46a3f96eef43eac7e) Importer(815301076,1909f56bfc062723c751e8b465ee728b)  -> (artifact id: '578cc5a5e68d2c9247219b22a5c68b90') in 0.024895 seconds 
  Import took 0.027770 seconds .

========================================================================
Received Import Request.
  Time since last request: 0.000165 seconds.
  path: Assets/Textures/UISliderBG.png
  artifactKey: Guid(236d996a6f89832458bce35d9d4a268b) Importer(815301076,1909f56bfc062723c751e8b465ee728b)
Start importing Assets/Textures/UISliderBG.png using Guid(236d996a6f89832458bce35d9d4a268b) Importer(815301076,1909f56bfc062723c751e8b465ee728b)  -> (artifact id: 'f73c72e643577136ad8ad552643f24bc') in 0.020895 seconds 
  Import took 0.023876 seconds .

========================================================================
Received Import Request.
  Time since last request: 0.000263 seconds.
  path: Assets/Textures/HellephantOcclusion.png
  artifactKey: Guid(2118c0f2414a28744bd2fc8d7e632f7a) Importer(815301076,1909f56bfc062723c751e8b465ee728b)
Start importing Assets/Textures/HellephantOcclusion.png using Guid(2118c0f2414a28744bd2fc8d7e632f7a) Importer(815301076,1909f56bfc062723c751e8b465ee728b)  -> (artifact id: 'f53bab65ce3585a1ee4489b0b67b70bb') in 0.012233 seconds 
  Import took 0.014912 seconds .

========================================================================
Received Import Request.
  Time since last request: 0.000139 seconds.
  path: Assets/Textures/HearseDiffuse.png
  artifactKey: Guid(16939a00896ff6c41892078c2559b621) Importer(815301076,1909f56bfc062723c751e8b465ee728b)
Start importing Assets/Textures/HearseDiffuse.png using Guid(16939a00896ff6c41892078c2559b621) Importer(815301076,1909f56bfc062723c751e8b465ee728b)  -> (artifact id: '5d3e15a77c46b35c56ec2c34ab22651f') in 0.010083 seconds 
  Import took 0.012724 seconds .

========================================================================
Received Import Request.
  Time since last request: 0.000197 seconds.
  path: Assets/Textures/ArchesOcclusion.png
  artifactKey: Guid(2aabe84e37c1686468b7e9741a75acfb) Importer(815301076,1909f56bfc062723c751e8b465ee728b)
Start importing Assets/Textures/ArchesOcclusion.png using Guid(2aabe84e37c1686468b7e9741a75acfb) Importer(815301076,1909f56bfc062723c751e8b465ee728b)  -> (artifact id: '8986542315da442ceea150fdc80a044c') in 0.011421 seconds 
  Import took 0.014195 seconds .

========================================================================
Received Import Request.
  Time since last request: 0.000188 seconds.
  path: Assets/Textures/DrawersDiffuse.png
  artifactKey: Guid(88553df029cf462428072d4ecb75273a) Importer(815301076,1909f56bfc062723c751e8b465ee728b)
Start importing Assets/Textures/DrawersDiffuse.png using Guid(88553df029cf462428072d4ecb75273a) Importer(815301076,1909f56bfc062723c751e8b465ee728b)  -> (artifact id: 'f4cb8976bbc4dffb78a35b01df1dd601') in 0.013333 seconds 
  Import took 0.017133 seconds .

========================================================================
Received Import Request.
  Time since last request: 0.000177 seconds.
  path: Assets/Textures/HellephantEmissive.png
  artifactKey: Guid(f0b5213189232764daf08b2e7ad112f5) Importer(815301076,1909f56bfc062723c751e8b465ee728b)
Start importing Assets/Textures/HellephantEmissive.png using Guid(f0b5213189232764daf08b2e7ad112f5) Importer(815301076,1909f56bfc062723c751e8b465ee728b)  -> (artifact id: '3752c2a5077f4742dea048d21a371692') in 0.012770 seconds 
  Import took 0.016026 seconds .

========================================================================
Received Import Request.
  Time since last request: 0.000234 seconds.
  path: Assets/Textures/RobotDiffuse.png
  artifactKey: Guid(fe9d2b783b9403f459ee92cf71d207e2) Importer(815301076,1909f56bfc062723c751e8b465ee728b)
Start importing Assets/Textures/RobotDiffuse.png using Guid(fe9d2b783b9403f459ee92cf71d207e2) Importer(815301076,1909f56bfc062723c751e8b465ee728b)  -> (artifact id: '53f3099147b5b168e2b1f888f796fed4') in 0.009250 seconds 
  Import took 0.012345 seconds .

========================================================================
Received Import Request.
  Time since last request: 0.000206 seconds.
  path: Assets/Textures/UIToggleButton.png
  artifactKey: Guid(90ee7b540ee22b84fb50965ff82a5d28) Importer(815301076,1909f56bfc062723c751e8b465ee728b)
Start importing Assets/Textures/UIToggleButton.png using Guid(90ee7b540ee22b84fb50965ff82a5d28) Importer(815301076,1909f56bfc062723c751e8b465ee728b)  -> (artifact id: '93b7fbf771b191979384c6ac2de19f7d') in 0.012751 seconds 
  Import took 0.015881 seconds .

========================================================================
Received Import Request.
  Time since last request: 0.000202 seconds.
  path: Assets/Textures/UISliderHandle.png
  artifactKey: Guid(aeb818ab889bcd24199891c3cbbc6e47) Importer(815301076,1909f56bfc062723c751e8b465ee728b)
Start importing Assets/Textures/UISliderHandle.png using Guid(aeb818ab889bcd24199891c3cbbc6e47) Importer(815301076,1909f56bfc062723c751e8b465ee728b)  -> (artifact id: 'ae7ea8cc0d73fbaec5052d576ed1903c') in 0.012343 seconds 
  Import took 0.015257 seconds .

========================================================================
Received Import Request.
  Time since last request: 0.000149 seconds.
  path: Assets/Textures/PlanksNormals.png
  artifactKey: Guid(777d258aba35c41459675e40cf92c808) Importer(815301076,1909f56bfc062723c751e8b465ee728b)
Start importing Assets/Textures/PlanksNormals.png using Guid(777d258aba35c41459675e40cf92c808) Importer(815301076,1909f56bfc062723c751e8b465ee728b)  -> (artifact id: 'e3dce586623c3279afbb49e7d37aedfe') in 0.012706 seconds 
  Import took 0.015296 seconds .

========================================================================
Received Import Request.
  Time since last request: 0.000162 seconds.
  path: Assets/Textures/StoolDiffuse.png
  artifactKey: Guid(b75c17f964e69fb4fa26775bbb3b8bbe) Importer(815301076,1909f56bfc062723c751e8b465ee728b)
Start importing Assets/Textures/StoolDiffuse.png using Guid(b75c17f964e69fb4fa26775bbb3b8bbe) Importer(815301076,1909f56bfc062723c751e8b465ee728b)  -> (artifact id: '4702dc948ebbbb66503a92c82af15ac7') in 0.010418 seconds 
  Import took 0.013448 seconds .

========================================================================
Received Import Request.
  Time since last request: 0.000200 seconds.
  path: Assets/Textures/UIButtonHighlighted.png
  artifactKey: Guid(5362fbfb8a7d67b499bebb4e286cea71) Importer(815301076,1909f56bfc062723c751e8b465ee728b)
Start importing Assets/Textures/UIButtonHighlighted.png using Guid(5362fbfb8a7d67b499bebb4e286cea71) Importer(815301076,1909f56bfc062723c751e8b465ee728b)  -> (artifact id: '5f48450190f89f6366ccf17c86da2122') in 0.015953 seconds 
  Import took 0.020338 seconds .

========================================================================
Received Import Request.
  Time since last request: 0.000302 seconds.
  path: Assets/Textures/ArchesNormals.png
  artifactKey: Guid(9f5b2bd0e9ae86a4588ddf76b5ddc700) Importer(815301076,1909f56bfc062723c751e8b465ee728b)
Start importing Assets/Textures/ArchesNormals.png using Guid(9f5b2bd0e9ae86a4588ddf76b5ddc700) Importer(815301076,1909f56bfc062723c751e8b465ee728b)  -> (artifact id: '19d6d6bc8fcda6b8da05d07f3eed08de') in 0.010364 seconds 
  Import took 0.013597 seconds .

========================================================================
Received Import Request.
  Time since last request: 0.000159 seconds.
  path: Assets/Textures/ZomBearSpecular.tif
  artifactKey: Guid(082a477a29c51434097a2cba0ae07c87) Importer(815301076,1909f56bfc062723c751e8b465ee728b)
Start importing Assets/Textures/ZomBearSpecular.tif using Guid(082a477a29c51434097a2cba0ae07c87) Importer(815301076,1909f56bfc062723c751e8b465ee728b)  -> (artifact id: '40ff5905b0bfe03106cee0fe81f72aaf') in 0.009121 seconds 
  Import took 0.011881 seconds .

========================================================================
Received Import Request.
  Time since last request: 0.000255 seconds.
  path: Assets/Textures/UISliderFill.png
  artifactKey: Guid(8640ef3b950dc01419a5369463f74721) Importer(815301076,1909f56bfc062723c751e8b465ee728b)
Start importing Assets/Textures/UISliderFill.png using Guid(8640ef3b950dc01419a5369463f74721) Importer(815301076,1909f56bfc062723c751e8b465ee728b)  -> (artifact id: 'f140a79028aad443d09fc6505dc00f74') in 0.014736 seconds 
  Import took 0.017852 seconds .

========================================================================
Received Import Request.
  Time since last request: 0.000193 seconds.
  path: Assets/Textures/SpinningTopDiffuse.png
  artifactKey: Guid(0c1b21108d167674aa8194bafaef8e87) Importer(815301076,1909f56bfc062723c751e8b465ee728b)
Start importing Assets/Textures/SpinningTopDiffuse.png using Guid(0c1b21108d167674aa8194bafaef8e87) Importer(815301076,1909f56bfc062723c751e8b465ee728b)  -> (artifact id: 'f1c448f0456e59faa4780c3356c81272') in 0.009877 seconds 
  Import took 0.013074 seconds .

========================================================================
Received Import Request.
  Time since last request: 0.000180 seconds.
  path: Assets/Textures/DrawersOcclusion.png
  artifactKey: Guid(b49cb1af3dbbf9044a5bdb0a875c2359) Importer(815301076,1909f56bfc062723c751e8b465ee728b)
Start importing Assets/Textures/DrawersOcclusion.png using Guid(b49cb1af3dbbf9044a5bdb0a875c2359) Importer(815301076,1909f56bfc062723c751e8b465ee728b)  -> (artifact id: '5ead1e1fc8819ef94aed4d85b2a82c5e') in 0.010140 seconds 
  Import took 0.012814 seconds .

========================================================================
Received Import Request.
  Time since last request: 0.000165 seconds.
  path: Assets/Textures/UIButtonPressed.png
  artifactKey: Guid(997c5c17c1c4b8e45b6a1c47799ddeb0) Importer(815301076,1909f56bfc062723c751e8b465ee728b)
Start importing Assets/Textures/UIButtonPressed.png using Guid(997c5c17c1c4b8e45b6a1c47799ddeb0) Importer(815301076,1909f56bfc062723c751e8b465ee728b)  -> (artifact id: '91341392e02d5ee9f4ffb76c5a844d7e') in 0.017108 seconds 
  Import took 0.020229 seconds .

========================================================================
Received Import Request.
  Time since last request: 0.000176 seconds.
  path: Assets/Textures/BatNormals.png
  artifactKey: Guid(7ec2ffe965607c34fa4bcae2863815d8) Importer(815301076,1909f56bfc062723c751e8b465ee728b)
Start importing Assets/Textures/BatNormals.png using Guid(7ec2ffe965607c34fa4bcae2863815d8) Importer(815301076,1909f56bfc062723c751e8b465ee728b)  -> (artifact id: '3b3c85f7ee26f64b16b81206e76e24a2') in 0.012315 seconds 
  Import took 0.015022 seconds .

========================================================================
Received Import Request.
  Time since last request: 0.000200 seconds.
  path: Assets/Textures/ZomBearOcclusion.png
  artifactKey: Guid(fa765a81bc7e9654db4e63eb74d757e8) Importer(815301076,1909f56bfc062723c751e8b465ee728b)
Start importing Assets/Textures/ZomBearOcclusion.png using Guid(fa765a81bc7e9654db4e63eb74d757e8) Importer(815301076,1909f56bfc062723c751e8b465ee728b)  -> (artifact id: 'd0bfda1e50b127a1cbc4b37b22294223') in 0.010744 seconds 
  Import took 0.014004 seconds .

========================================================================
Received Import Request.
  Time since last request: 0.000163 seconds.
  path: Assets/Textures/PlanksDiffuse.png
  artifactKey: Guid(2afdbfec03da65448a82f9bd561218c6) Importer(815301076,1909f56bfc062723c751e8b465ee728b)
Start importing Assets/Textures/PlanksDiffuse.png using Guid(2afdbfec03da65448a82f9bd561218c6) Importer(815301076,1909f56bfc062723c751e8b465ee728b)  -> (artifact id: 'f4e7d711c23fcbbb869b860213e75699') in 0.011399 seconds 
  Import took 0.013989 seconds .

========================================================================
Received Import Request.
  Time since last request: 0.000165 seconds.
  path: Assets/Textures/UIToggleBG.png
  artifactKey: Guid(2130698f043fe8149974dbe7b12d1752) Importer(815301076,1909f56bfc062723c751e8b465ee728b)
Start importing Assets/Textures/UIToggleBG.png using Guid(2130698f043fe8149974dbe7b12d1752) Importer(815301076,1909f56bfc062723c751e8b465ee728b)  -> (artifact id: '3e73a879a6a7375465aba9636f59e7a1') in 0.009892 seconds 
  Import took 0.013164 seconds .

========================================================================
Received Import Request.
  Time since last request: 0.000262 seconds.
  path: Assets/Textures/DollhouseNormals.png
  artifactKey: Guid(5ba68f68e49792d4f9c087cd137ec0a9) Importer(815301076,1909f56bfc062723c751e8b465ee728b)
Start importing Assets/Textures/DollhouseNormals.png using Guid(5ba68f68e49792d4f9c087cd137ec0a9) Importer(815301076,1909f56bfc062723c751e8b465ee728b)  -> (artifact id: '7e993c07539e03947d89e4fe344755ef') in 0.011877 seconds 
  Import took 0.016987 seconds .

========================================================================
Received Import Request.
  Time since last request: 0.000265 seconds.
  path: Assets/Textures/UIButtonDefault.png
  artifactKey: Guid(691c72ed2864a3f42a2479bbe70525cc) Importer(815301076,1909f56bfc062723c751e8b465ee728b)
Start importing Assets/Textures/UIButtonDefault.png using Guid(691c72ed2864a3f42a2479bbe70525cc) Importer(815301076,1909f56bfc062723c751e8b465ee728b)  -> (artifact id: '015b98a03ffdabf6783183e82f2d9e79') in 0.012837 seconds 
  Import took 0.016720 seconds .

========================================================================
Received Import Request.
  Time since last request: 0.000182 seconds.
  path: Assets/Textures/WallDiffuse.png
  artifactKey: Guid(aa18764e367f1a14ba7b403f813be05a) Importer(815301076,1909f56bfc062723c751e8b465ee728b)
Start importing Assets/Textures/WallDiffuse.png using Guid(aa18764e367f1a14ba7b403f813be05a) Importer(815301076,1909f56bfc062723c751e8b465ee728b)  -> (artifact id: '21931a6bb85ae81f828539fecb6914ef') in 0.009640 seconds 
  Import took 0.013092 seconds .

========================================================================
Received Import Request.
  Time since last request: 0.000192 seconds.
  path: Assets/Textures/BatSpecular.tif
  artifactKey: Guid(3a51fde69768ffe45b9d0fe68218682d) Importer(815301076,1909f56bfc062723c751e8b465ee728b)
Start importing Assets/Textures/BatSpecular.tif using Guid(3a51fde69768ffe45b9d0fe68218682d) Importer(815301076,1909f56bfc062723c751e8b465ee728b)  -> (artifact id: 'c274d4def91a69c0ecd3fcbc373cf0f8') in 0.012455 seconds 
  Import took 0.015254 seconds .

========================================================================
Received Import Request.
  Time since last request: 0.000202 seconds.
  path: Assets/Textures/StoolOcclusion.png
  artifactKey: Guid(f0b885155cd32d2478fb7c78b5a98c53) Importer(815301076,1909f56bfc062723c751e8b465ee728b)
Start importing Assets/Textures/StoolOcclusion.png using Guid(f0b885155cd32d2478fb7c78b5a98c53) Importer(815301076,1909f56bfc062723c751e8b465ee728b)  -> (artifact id: '9c670a0103658f96be63ff41e6ef14b2') in 0.010105 seconds 
  Import took 0.013224 seconds .

========================================================================
Received Import Request.
  Time since last request: 0.000165 seconds.
  path: Assets/Textures/FiretruckSpecular.tif
  artifactKey: Guid(04ebcf76f8471d946a0c79bc029b4141) Importer(815301076,1909f56bfc062723c751e8b465ee728b)
Start importing Assets/Textures/FiretruckSpecular.tif using Guid(04ebcf76f8471d946a0c79bc029b4141) Importer(815301076,1909f56bfc062723c751e8b465ee728b)  -> (artifact id: '5fb8c8e1f1ec5da5b56a99e8327dfc8b') in 0.009294 seconds 
  Import took 0.012193 seconds .

========================================================================
Received Import Request.
  Time since last request: 0.000173 seconds.
  path: Assets/Textures/DollArmNormals.png
  artifactKey: Guid(6b2b0c4bf9125a34095371457bd07f2b) Importer(815301076,1909f56bfc062723c751e8b465ee728b)
Start importing Assets/Textures/DollArmNormals.png using Guid(6b2b0c4bf9125a34095371457bd07f2b) Importer(815301076,1909f56bfc062723c751e8b465ee728b)  -> (artifact id: '594708a35e42b7312d2d1433af530eb2') in 0.013636 seconds 
  Import took 0.017515 seconds .

========================================================================
Received Import Request.
  Time since last request: 0.000428 seconds.
  path: Assets/Textures/HellephantDiffuse.png
  artifactKey: Guid(e6e99f9ddd45baf4bb95a4f65b0d88de) Importer(815301076,1909f56bfc062723c751e8b465ee728b)
Start importing Assets/Textures/HellephantDiffuse.png using Guid(e6e99f9ddd45baf4bb95a4f65b0d88de) Importer(815301076,1909f56bfc062723c751e8b465ee728b)  -> (artifact id: '008c8e7d84c4090438454a8226954112') in 0.012957 seconds 
  Import took 0.017140 seconds .

========================================================================
Received Import Request.
  Time since last request: 0.000225 seconds.
  path: Assets/Textures/TrainOcclusion.png
  artifactKey: Guid(410beef8631343141bc5c918b4f4fe03) Importer(815301076,1909f56bfc062723c751e8b465ee728b)
Start importing Assets/Textures/TrainOcclusion.png using Guid(410beef8631343141bc5c918b4f4fe03) Importer(815301076,1909f56bfc062723c751e8b465ee728b)  -> (artifact id: 'b94e2fc04739da0057d839d22496b65e') in 0.010016 seconds 
  Import took 0.012920 seconds .

========================================================================
Received Import Request.
  Time since last request: 0.000211 seconds.
  path: Assets/Textures/FiretruckOcclusion.png
  artifactKey: Guid(2ff3693a6a961b2439e15117174ce957) Importer(815301076,1909f56bfc062723c751e8b465ee728b)
Start importing Assets/Textures/FiretruckOcclusion.png using Guid(2ff3693a6a961b2439e15117174ce957) Importer(815301076,1909f56bfc062723c751e8b465ee728b)  -> (artifact id: '9439bb3718793e6219d5ea5d8a8c2852') in 0.011872 seconds 
  Import took 0.015214 seconds .

========================================================================
Received Import Request.
  Time since last request: 0.000203 seconds.
  path: Assets/Textures/PlayerSpecular.tif
  artifactKey: Guid(bc9b1c6383841ea4f9e532a49c651ff6) Importer(815301076,1909f56bfc062723c751e8b465ee728b)
Start importing Assets/Textures/PlayerSpecular.tif using Guid(bc9b1c6383841ea4f9e532a49c651ff6) Importer(815301076,1909f56bfc062723c751e8b465ee728b)  -> (artifact id: '26a07ed878d3ade7baae17de4c5c8d38') in 0.013089 seconds 
  Import took 0.016681 seconds .

========================================================================
Received Import Request.
  Time since last request: 0.000193 seconds.
  path: Assets/Textures/HearseNormals.png
  artifactKey: Guid(5fc9acdee62d8d642a83b43c73ca2abe) Importer(815301076,1909f56bfc062723c751e8b465ee728b)
Start importing Assets/Textures/HearseNormals.png using Guid(5fc9acdee62d8d642a83b43c73ca2abe) Importer(815301076,1909f56bfc062723c751e8b465ee728b)  -> (artifact id: '93b9453977b39c64d626ee35868f5de4') in 0.009987 seconds 
  Import took 0.013204 seconds .

========================================================================
Received Import Request.
  Time since last request: 0.000168 seconds.
  path: Assets/Textures/ClockSpecular.tif
  artifactKey: Guid(a9b9ddf6fe2c8a34d94a0f40cc7288c0) Importer(815301076,1909f56bfc062723c751e8b465ee728b)
Start importing Assets/Textures/ClockSpecular.tif using Guid(a9b9ddf6fe2c8a34d94a0f40cc7288c0) Importer(815301076,1909f56bfc062723c751e8b465ee728b)  -> (artifact id: '870a977bab7ec874f7b573cd44860de4') in 0.009214 seconds 
  Import took 0.012081 seconds .

========================================================================
Received Import Request.
  Time since last request: 0.002357 seconds.
  path: Assets/Textures/ZomBunnyEmissive.png
  artifactKey: Guid(f48f0c81ef3d12e43aa8ca0b3e87ead8) Importer(815301076,1909f56bfc062723c751e8b465ee728b)
Start importing Assets/Textures/ZomBunnyEmissive.png using Guid(f48f0c81ef3d12e43aa8ca0b3e87ead8) Importer(815301076,1909f56bfc062723c751e8b465ee728b)  -> (artifact id: '99cf49bd99378f5ed3521c21223ba4ef') in 0.017071 seconds 
  Import took 0.022381 seconds .

========================================================================
Received Import Request.
  Time since last request: 0.000161 seconds.
  path: Assets/Textures/PlayerOcclusion.png
  artifactKey: Guid(6ae2af98f5c9f0243806bfb6ccbbdd19) Importer(815301076,1909f56bfc062723c751e8b465ee728b)
Start importing Assets/Textures/PlayerOcclusion.png using Guid(6ae2af98f5c9f0243806bfb6ccbbdd19) Importer(815301076,1909f56bfc062723c751e8b465ee728b)  -> (artifact id: '0378d4e9cef92042c4797c4b6bb5794e') in 0.011332 seconds 
  Import took 0.014202 seconds .

========================================================================
Received Import Request.
  Time since last request: 0.000174 seconds.
  path: Assets/Textures/RobotNormals.png
  artifactKey: Guid(63afb82f72573664786156bd5b087e0b) Importer(815301076,1909f56bfc062723c751e8b465ee728b)
Start importing Assets/Textures/RobotNormals.png using Guid(63afb82f72573664786156bd5b087e0b) Importer(815301076,1909f56bfc062723c751e8b465ee728b)  -> (artifact id: 'be0e5ddf28c5d4ee13703384d097954b') in 0.010373 seconds 
  Import took 0.013171 seconds .

========================================================================
Received Import Request.
  Time since last request: 0.000146 seconds.
  path: Assets/Textures/TrainNormals.png
  artifactKey: Guid(381a5191badc49d4e9a90118cadf64ac) Importer(815301076,1909f56bfc062723c751e8b465ee728b)
Start importing Assets/Textures/TrainNormals.png using Guid(381a5191badc49d4e9a90118cadf64ac) Importer(815301076,1909f56bfc062723c751e8b465ee728b)  -> (artifact id: 'de384abff7e7491f87332efcfb2c74d3') in 0.011757 seconds 
  Import took 0.015055 seconds .

========================================================================
Received Import Request.
  Time since last request: 0.000300 seconds.
  path: Assets/Textures/DollhouseDiffuse.png
  artifactKey: Guid(91e5744fc7025b34b9a274ab36df7e0c) Importer(815301076,1909f56bfc062723c751e8b465ee728b)
Start importing Assets/Textures/DollhouseDiffuse.png using Guid(91e5744fc7025b34b9a274ab36df7e0c) Importer(815301076,1909f56bfc062723c751e8b465ee728b)  -> (artifact id: '6b1dfde4306fc5ee450be3c28023f6b0') in 0.012895 seconds 
  Import took 0.015887 seconds .

========================================================================
Received Import Request.
  Time since last request: 0.000760 seconds.
  path: Assets/Textures/PlanksOcclusion.png
  artifactKey: Guid(e915ce70ce400f54682d462de1b188db) Importer(815301076,1909f56bfc062723c751e8b465ee728b)
Start importing Assets/Textures/PlanksOcclusion.png using Guid(e915ce70ce400f54682d462de1b188db) Importer(815301076,1909f56bfc062723c751e8b465ee728b)  -> (artifact id: 'a2e64e8e17e604bf958a70606c7c8eab') in 0.013517 seconds 
  Import took 0.018553 seconds .

========================================================================
Received Import Request.
  Time since last request: 0.000200 seconds.
  path: Assets/Textures/PlayerDiffuse.png
  artifactKey: Guid(a3cc890ba79fb47449fb51893aa9b363) Importer(815301076,1909f56bfc062723c751e8b465ee728b)
Start importing Assets/Textures/PlayerDiffuse.png using Guid(a3cc890ba79fb47449fb51893aa9b363) Importer(815301076,1909f56bfc062723c751e8b465ee728b)  -> (artifact id: 'ae6bcf33d9c7259514310ee4fda203c8') in 0.010695 seconds 
  Import took 0.013395 seconds .

========================================================================
Received Import Request.
  Time since last request: 0.000156 seconds.
  path: Assets/Textures/DrawersSpecular.tif
  artifactKey: Guid(3e81aed82f687094da25b33759ee1c30) Importer(815301076,1909f56bfc062723c751e8b465ee728b)
Start importing Assets/Textures/DrawersSpecular.tif using Guid(3e81aed82f687094da25b33759ee1c30) Importer(815301076,1909f56bfc062723c751e8b465ee728b)  -> (artifact id: '0a3d75b2c05d9a1fd0e2a0f9be6427b4') in 0.009902 seconds 
  Import took 0.012666 seconds .

========================================================================
Received Import Request.
  Time since last request: 0.000181 seconds.
  path: Assets/Textures/RobotSpecular.tif
  artifactKey: Guid(8136f0437c3f1304c90ab510cf2accd8) Importer(815301076,1909f56bfc062723c751e8b465ee728b)
Start importing Assets/Textures/RobotSpecular.tif using Guid(8136f0437c3f1304c90ab510cf2accd8) Importer(815301076,1909f56bfc062723c751e8b465ee728b)  -> (artifact id: 'b0086afa96a89b85dd7f488144ecb217') in 0.011387 seconds 
  Import took 0.015074 seconds .

========================================================================
Received Import Request.
  Time since last request: 0.000201 seconds.
  path: Assets/Textures/PuffNormalSprite.png
  artifactKey: Guid(afcea23a190c35f4ab5d0dc51bd9c3e6) Importer(815301076,1909f56bfc062723c751e8b465ee728b)
Start importing Assets/Textures/PuffNormalSprite.png using Guid(afcea23a190c35f4ab5d0dc51bd9c3e6) Importer(815301076,1909f56bfc062723c751e8b465ee728b)  -> (artifact id: '861b34e879e23535b2e42e9b29dabe84') in 0.008710 seconds 
  Import took 0.011608 seconds .

========================================================================
Received Import Request.
  Time since last request: 0.000192 seconds.
  path: Assets/Textures/GunOcclusion.png
  artifactKey: Guid(02dff1fe2bc5e6f43b5ac5780d1c3b46) Importer(815301076,1909f56bfc062723c751e8b465ee728b)
Start importing Assets/Textures/GunOcclusion.png using Guid(02dff1fe2bc5e6f43b5ac5780d1c3b46) Importer(815301076,1909f56bfc062723c751e8b465ee728b)  -> (artifact id: '83616d1df094aa26f1c122321595b6ee') in 0.009929 seconds 
  Import took 0.012758 seconds .

========================================================================
Received Import Request.
  Time since last request: 0.000169 seconds.
  path: Assets/Textures/BloxOcclusion.png
  artifactKey: Guid(a33e76a8a18682947930d95a62547c5f) Importer(815301076,1909f56bfc062723c751e8b465ee728b)
Start importing Assets/Textures/BloxOcclusion.png using Guid(a33e76a8a18682947930d95a62547c5f) Importer(815301076,1909f56bfc062723c751e8b465ee728b)  -> (artifact id: '4a5ac41b2969e2733f4dde2f29901759') in 0.016035 seconds 
  Import took 0.019676 seconds .

========================================================================
Received Import Request.
  Time since last request: 0.000253 seconds.
  path: Assets/Textures/GunSpecular.tif
  artifactKey: Guid(0bfd74eda21b8b4408f654c7cf1f3665) Importer(815301076,1909f56bfc062723c751e8b465ee728b)
Start importing Assets/Textures/GunSpecular.tif using Guid(0bfd74eda21b8b4408f654c7cf1f3665) Importer(815301076,1909f56bfc062723c751e8b465ee728b)  -> (artifact id: '74b4af3bc2dfb8eee78e7bb3523a2963') in 0.011003 seconds 
  Import took 0.014583 seconds .

========================================================================
Received Import Request.
  Time since last request: 0.000149 seconds.
  path: Assets/Textures/PlayerNormals.png
  artifactKey: Guid(d98be175031405b4fb3f6a5f459a22e4) Importer(815301076,1909f56bfc062723c751e8b465ee728b)
Start importing Assets/Textures/PlayerNormals.png using Guid(d98be175031405b4fb3f6a5f459a22e4) Importer(815301076,1909f56bfc062723c751e8b465ee728b)  -> (artifact id: '5b6166465bef4be501643739d4dca249') in 0.010413 seconds 
  Import took 0.013465 seconds .

========================================================================
Received Import Request.
  Time since last request: 0.000197 seconds.
  path: Assets/Textures/ClockNormals.png
  artifactKey: Guid(0b02c1b0f2dee13469778171ed1ff9bb) Importer(815301076,1909f56bfc062723c751e8b465ee728b)
Start importing Assets/Textures/ClockNormals.png using Guid(0b02c1b0f2dee13469778171ed1ff9bb) Importer(815301076,1909f56bfc062723c751e8b465ee728b)  -> (artifact id: 'dd926f6a355063bdb37f564c4ca85cd2') in 0.010202 seconds 
  Import took 0.013054 seconds .

========================================================================
Received Import Request.
  Time since last request: 0.000189 seconds.
  path: Assets/Textures/ZomBearNormals.png
  artifactKey: Guid(babf27cb902ceac438c89f0dcb30bccb) Importer(815301076,1909f56bfc062723c751e8b465ee728b)
Start importing Assets/Textures/ZomBearNormals.png using Guid(babf27cb902ceac438c89f0dcb30bccb) Importer(815301076,1909f56bfc062723c751e8b465ee728b)  -> (artifact id: '642ce3caef8f44cdd28ec809ec6e73c1') in 0.012833 seconds 
  Import took 0.016149 seconds .

========================================================================
Received Import Request.
  Time since last request: 0.000189 seconds.
  path: Assets/Textures/GunDiffuse.png
  artifactKey: Guid(66cc5581f2192a549b9b9270381c9be7) Importer(815301076,1909f56bfc062723c751e8b465ee728b)
Start importing Assets/Textures/GunDiffuse.png using Guid(66cc5581f2192a549b9b9270381c9be7) Importer(815301076,1909f56bfc062723c751e8b465ee728b)  -> (artifact id: 'eb1339dab05d7c05aaf6daf32485d97a') in 0.010735 seconds 
  Import took 0.013675 seconds .

========================================================================
Received Import Request.
  Time since last request: 0.000177 seconds.
  path: Assets/Textures/ZomBunnyDiffuse.png
  artifactKey: Guid(c621ddb405f9fd24eb7ab79082ce3d10) Importer(815301076,1909f56bfc062723c751e8b465ee728b)
Start importing Assets/Textures/ZomBunnyDiffuse.png using Guid(c621ddb405f9fd24eb7ab79082ce3d10) Importer(815301076,1909f56bfc062723c751e8b465ee728b)  -> (artifact id: 'ac24d6eda0f6d66af5e1bb5c5bd41bdb') in 0.012790 seconds 
  Import took 0.017100 seconds .

========================================================================
Received Import Request.
  Time since last request: 0.000247 seconds.
  path: Assets/Textures/FiretruckDiffuse.png
  artifactKey: Guid(48404ff521e16d149b89fa6e446741ac) Importer(815301076,1909f56bfc062723c751e8b465ee728b)
Start importing Assets/Textures/FiretruckDiffuse.png using Guid(48404ff521e16d149b89fa6e446741ac) Importer(815301076,1909f56bfc062723c751e8b465ee728b)  -> (artifact id: '2b4f93ae13f07d75aec9ac73f2a20277') in 0.013333 seconds 
  Import took 0.017280 seconds .

========================================================================
Received Import Request.
  Time since last request: 0.000201 seconds.
  path: Assets/Textures/SpinningTopOcclusion.png
  artifactKey: Guid(e195a48b7304e10499b4e02e42b13bfc) Importer(815301076,1909f56bfc062723c751e8b465ee728b)
Start importing Assets/Textures/SpinningTopOcclusion.png using Guid(e195a48b7304e10499b4e02e42b13bfc) Importer(815301076,1909f56bfc062723c751e8b465ee728b)  -> (artifact id: 'b7ef2351c37185d301354ec2b7cb1353') in 0.009925 seconds 
  Import took 0.013240 seconds .

========================================================================
Received Import Request.
  Time since last request: 0.000178 seconds.
  path: Assets/Textures/DollhouseOcclusion.png
  artifactKey: Guid(953a666cbf70033428e8c1afa360bede) Importer(815301076,1909f56bfc062723c751e8b465ee728b)
Start importing Assets/Textures/DollhouseOcclusion.png using Guid(953a666cbf70033428e8c1afa360bede) Importer(815301076,1909f56bfc062723c751e8b465ee728b)  -> (artifact id: '5bcb07bf0f45472ab8e20a63c97b01e7') in 0.010273 seconds 
  Import took 0.013285 seconds .

========================================================================
Received Import Request.
  Time since last request: 0.000167 seconds.
  path: Assets/Textures/ZomBunnySpecular.tif
  artifactKey: Guid(4f60b9a58009248478b8cac95541f9d1) Importer(815301076,1909f56bfc062723c751e8b465ee728b)
Start importing Assets/Textures/ZomBunnySpecular.tif using Guid(4f60b9a58009248478b8cac95541f9d1) Importer(815301076,1909f56bfc062723c751e8b465ee728b)  -> (artifact id: '6bb9d9775a4a7309a9d4073dd03410fc') in 0.012203 seconds 
  Import took 0.015237 seconds .

========================================================================
Received Import Request.
  Time since last request: 0.000225 seconds.
  path: Assets/Textures/HearseSpecular.tif
  artifactKey: Guid(72d2e042768206b46bb11e99674a6a2d) Importer(815301076,1909f56bfc062723c751e8b465ee728b)
Start importing Assets/Textures/HearseSpecular.tif using Guid(72d2e042768206b46bb11e99674a6a2d) Importer(815301076,1909f56bfc062723c751e8b465ee728b)  -> (artifact id: 'c07b45585883c66879d8b6b905a7e9d5') in 0.016421 seconds 
  Import took 0.020296 seconds .

========================================================================
Received Import Request.
  Time since last request: 0.000215 seconds.
  path: Assets/Textures/BatOcclusion.png
  artifactKey: Guid(ed22a54916e788349a9667dde244c8db) Importer(815301076,1909f56bfc062723c751e8b465ee728b)
Start importing Assets/Textures/BatOcclusion.png using Guid(ed22a54916e788349a9667dde244c8db) Importer(815301076,1909f56bfc062723c751e8b465ee728b)  -> (artifact id: 'ee6ed03b238fa4c37e9990b86aa0f863') in 0.009793 seconds 
  Import took 0.012885 seconds .

========================================================================
Received Import Request.
  Time since last request: 0.000200 seconds.
  path: Assets/Textures/DollhouseSpecular.tif
  artifactKey: Guid(bd717824af089434aada5d941efbbe36) Importer(815301076,1909f56bfc062723c751e8b465ee728b)
Start importing Assets/Textures/DollhouseSpecular.tif using Guid(bd717824af089434aada5d941efbbe36) Importer(815301076,1909f56bfc062723c751e8b465ee728b)  -> (artifact id: 'ba1bd255d00c48ad3be6cf60c4066072') in 0.015026 seconds 
  Import took 0.019037 seconds .

========================================================================
Received Import Request.
  Time since last request: 0.000535 seconds.
  path: Assets/Textures/StoolNormals.png
  artifactKey: Guid(911206f842e8da04da0f1f9042b5e555) Importer(815301076,1909f56bfc062723c751e8b465ee728b)
Start importing Assets/Textures/StoolNormals.png using Guid(911206f842e8da04da0f1f9042b5e555) Importer(815301076,1909f56bfc062723c751e8b465ee728b)  -> (artifact id: '8338ec4b202a4a4fd74228d30d10eb7d') in 0.010089 seconds 
  Import took 0.013741 seconds .

========================================================================
Received Import Request.
  Time since last request: 0.000157 seconds.
  path: Assets/Textures/FiretruckNormals.png
  artifactKey: Guid(0c47d4390b5db234dbe536895f43495d) Importer(815301076,1909f56bfc062723c751e8b465ee728b)
Start importing Assets/Textures/FiretruckNormals.png using Guid(0c47d4390b5db234dbe536895f43495d) Importer(815301076,1909f56bfc062723c751e8b465ee728b)  -> (artifact id: '01f9d4744bd23d1dab8a429eb3fc7223') in 0.011955 seconds 
  Import took 0.015263 seconds .

========================================================================
Received Import Request.
  Time since last request: 0.000160 seconds.
  path: Assets/Textures/PuffSprite.png
  artifactKey: Guid(acdb41fd591a7434a9f285ba714869c9) Importer(815301076,1909f56bfc062723c751e8b465ee728b)
Start importing Assets/Textures/PuffSprite.png using Guid(acdb41fd591a7434a9f285ba714869c9) Importer(815301076,1909f56bfc062723c751e8b465ee728b)  -> (artifact id: 'ff594779bbd6c6a55589e78e82a7a3ea') in 0.009480 seconds 
  Import took 0.012891 seconds .

========================================================================
Received Import Request.
  Time since last request: 0.000224 seconds.
  path: Assets/Textures/HellephantSpecular.tif
  artifactKey: Guid(2c38b41a69c9bdc4bbac4dbc9324dacf) Importer(815301076,1909f56bfc062723c751e8b465ee728b)
Start importing Assets/Textures/HellephantSpecular.tif using Guid(2c38b41a69c9bdc4bbac4dbc9324dacf) Importer(815301076,1909f56bfc062723c751e8b465ee728b)  -> (artifact id: '983778c84ffe162cc538f9a3e8859aed') in 0.015115 seconds 
  Import took 0.019944 seconds .

========================================================================
Received Import Request.
  Time since last request: 0.000293 seconds.
  path: Assets/Textures/BatDiffuse.png
  artifactKey: Guid(028342423eafc3a4d8ea4788371d744d) Importer(815301076,1909f56bfc062723c751e8b465ee728b)
Start importing Assets/Textures/BatDiffuse.png using Guid(028342423eafc3a4d8ea4788371d744d) Importer(815301076,1909f56bfc062723c751e8b465ee728b)  -> (artifact id: '7913a05def7a67a8aa0d43217d182bd0') in 0.010641 seconds 
  Import took 0.014080 seconds .

========================================================================
Received Import Request.
  Time since last request: 0.000164 seconds.
  path: Assets/Textures/DollArmOcclusion.png
  artifactKey: Guid(787bbb09a483d42458ba353a5f1f7cbb) Importer(815301076,1909f56bfc062723c751e8b465ee728b)
Start importing Assets/Textures/DollArmOcclusion.png using Guid(787bbb09a483d42458ba353a5f1f7cbb) Importer(815301076,1909f56bfc062723c751e8b465ee728b)  -> (artifact id: '6224a154f93f5fcefd43d6a85a1bf98a') in 0.009676 seconds 
  Import took 0.013119 seconds .

========================================================================
Received Import Request.
  Time since last request: 0.000269 seconds.
  path: Assets/Textures/ZomBunnyOcclusion.png
  artifactKey: Guid(f592d534af6aced4784d9e55b1d3a8c7) Importer(815301076,1909f56bfc062723c751e8b465ee728b)
Start importing Assets/Textures/ZomBunnyOcclusion.png using Guid(f592d534af6aced4784d9e55b1d3a8c7) Importer(815301076,1909f56bfc062723c751e8b465ee728b)  -> (artifact id: 'ef02d90b3c0c86be6821dd9ee68146d7') in 0.012723 seconds 
  Import took 0.016209 seconds .

========================================================================
Received Import Request.
  Time since last request: 0.000169 seconds.
  path: Assets/Textures/RobotOcclusion.png
  artifactKey: Guid(c191e1d53f423ae4fb39545c8d3088d2) Importer(815301076,1909f56bfc062723c751e8b465ee728b)
Start importing Assets/Textures/RobotOcclusion.png using Guid(c191e1d53f423ae4fb39545c8d3088d2) Importer(815301076,1909f56bfc062723c751e8b465ee728b)  -> (artifact id: 'f0a6bad766d6331716ea461557b42e92') in 0.010144 seconds 
  Import took 0.012879 seconds .

========================================================================
Received Import Request.
  Time since last request: 0.000177 seconds.
  path: Assets/Textures/HearseOcclusion.png
  artifactKey: Guid(1fab1e4d34b275a4cadc3c9f81ad817a) Importer(815301076,1909f56bfc062723c751e8b465ee728b)
Start importing Assets/Textures/HearseOcclusion.png using Guid(1fab1e4d34b275a4cadc3c9f81ad817a) Importer(815301076,1909f56bfc062723c751e8b465ee728b)  -> (artifact id: '06bda14968d10e6c26d8faf8fd495f79') in 0.009678 seconds 
  Import took 0.012464 seconds .

========================================================================
Received Import Request.
  Time since last request: 0.000169 seconds.
  path: Assets/Textures/DrawersNormals.png
  artifactKey: Guid(18683334a2daa4f40a666d3499c6eb81) Importer(815301076,1909f56bfc062723c751e8b465ee728b)
Start importing Assets/Textures/DrawersNormals.png using Guid(18683334a2daa4f40a666d3499c6eb81) Importer(815301076,1909f56bfc062723c751e8b465ee728b)  -> (artifact id: '025d5cf9d4b90391e4a20b8bc4705d98') in 0.014132 seconds 
  Import took 0.017929 seconds .

========================================================================
Received Import Request.
  Time since last request: 0.000279 seconds.
  path: Assets/Textures/WallSpecular.tif
  artifactKey: Guid(3d9e68517e401ae449049a6e5ec82ff1) Importer(815301076,1909f56bfc062723c751e8b465ee728b)
Start importing Assets/Textures/WallSpecular.tif using Guid(3d9e68517e401ae449049a6e5ec82ff1) Importer(815301076,1909f56bfc062723c751e8b465ee728b)  -> (artifact id: 'ae4708c19cf93dc5ede4d003089acf7d') in 0.011307 seconds 
  Import took 0.015446 seconds .

========================================================================
Received Import Request.
  Time since last request: 0.000195 seconds.
  path: Assets/Textures/WallOcclusion.png
  artifactKey: Guid(a62ef14f9fc2e92449d8e3182a679ca4) Importer(815301076,1909f56bfc062723c751e8b465ee728b)
Start importing Assets/Textures/WallOcclusion.png using Guid(a62ef14f9fc2e92449d8e3182a679ca4) Importer(815301076,1909f56bfc062723c751e8b465ee728b)  -> (artifact id: '18811eecd57684425590548bd7f31de4') in 0.008562 seconds 
  Import took 0.011780 seconds .

========================================================================
Received Import Request.
  Time since last request: 0.000202 seconds.
  path: Assets/Textures/Heart.png
  artifactKey: Guid(ac394e6e5080d754e8b437e5936fca3b) Importer(815301076,1909f56bfc062723c751e8b465ee728b)
Start importing Assets/Textures/Heart.png using Guid(ac394e6e5080d754e8b437e5936fca3b) Importer(815301076,1909f56bfc062723c751e8b465ee728b)  -> (artifact id: 'c784ad8e53fb451151e8c1418baa60b4') in 0.012723 seconds 
  Import took 0.015648 seconds .

========================================================================
Received Import Request.
  Time since last request: 0.000166 seconds.
  path: Assets/Textures/GunNormals.png
  artifactKey: Guid(8128aa17b6fcbb64e893327f11ab0239) Importer(815301076,1909f56bfc062723c751e8b465ee728b)
Start importing Assets/Textures/GunNormals.png using Guid(8128aa17b6fcbb64e893327f11ab0239) Importer(815301076,1909f56bfc062723c751e8b465ee728b)  -> (artifact id: '6717a601516dd941f49e5a1bf68095d3') in 0.010834 seconds 
  Import took 0.014621 seconds .

========================================================================
Received Import Request.
  Time since last request: 0.000261 seconds.
  path: Assets/Textures/TrainDiffuse.png
  artifactKey: Guid(b14c8e325b9410d4a9700ebb36b41875) Importer(815301076,1909f56bfc062723c751e8b465ee728b)
Start importing Assets/Textures/TrainDiffuse.png using Guid(b14c8e325b9410d4a9700ebb36b41875) Importer(815301076,1909f56bfc062723c751e8b465ee728b)  -> (artifact id: 'a651aa254d7c3fb411b31323a8062bca') in 0.012343 seconds 
  Import took 0.015163 seconds .

========================================================================
Received Import Request.
  Time since last request: 0.000148 seconds.
  path: Assets/Textures/SpinningTopNormals.png
  artifactKey: Guid(52cd321a15b94ae4bb7a676f0382ee46) Importer(815301076,1909f56bfc062723c751e8b465ee728b)
Start importing Assets/Textures/SpinningTopNormals.png using Guid(52cd321a15b94ae4bb7a676f0382ee46) Importer(815301076,1909f56bfc062723c751e8b465ee728b)  -> (artifact id: 'abab27b0c706ed9643480324b3163f2a') in 0.009023 seconds 
  Import took 0.011640 seconds .

========================================================================
Received Import Request.
  Time since last request: 0.000206 seconds.
  path: Assets/Textures/StoolSpecular.tif
  artifactKey: Guid(36a3c1c0711fe9f4f89dba21529eb883) Importer(815301076,1909f56bfc062723c751e8b465ee728b)
Start importing Assets/Textures/StoolSpecular.tif using Guid(36a3c1c0711fe9f4f89dba21529eb883) Importer(815301076,1909f56bfc062723c751e8b465ee728b)  -> (artifact id: '2d2ca51ebd04a9ee3f341be075877139') in 0.012164 seconds 
  Import took 0.017419 seconds .

========================================================================
Received Import Request.
  Time since last request: 0.000204 seconds.
  path: Assets/Textures/ZomBearEmission.png
  artifactKey: Guid(0513a639646d5434085ed846c332e341) Importer(815301076,1909f56bfc062723c751e8b465ee728b)
Start importing Assets/Textures/ZomBearEmission.png using Guid(0513a639646d5434085ed846c332e341) Importer(815301076,1909f56bfc062723c751e8b465ee728b)  -> (artifact id: '5adc89e688b837455bd3b2b93edf2f6d') in 0.012947 seconds 
  Import took 0.016345 seconds .

========================================================================
Received Import Request.
  Time since last request: 0.000218 seconds.
  path: Assets/Textures/DollArmDiffuse.png
  artifactKey: Guid(1b23ed5ec94433f41ae8af0e68b1ef13) Importer(815301076,1909f56bfc062723c751e8b465ee728b)
Start importing Assets/Textures/DollArmDiffuse.png using Guid(1b23ed5ec94433f41ae8af0e68b1ef13) Importer(815301076,1909f56bfc062723c751e8b465ee728b)  -> (artifact id: '1854d8b84bc438bd6b81b0bf8144397e') in 0.009655 seconds 
  Import took 0.013144 seconds .

========================================================================
Received Import Request.
  Time since last request: 0.000225 seconds.
  path: Assets/Textures/ClockOcclusion.png
  artifactKey: Guid(bb14626fa3aa3aa4ba0c22e62cfd8b58) Importer(815301076,1909f56bfc062723c751e8b465ee728b)
Start importing Assets/Textures/ClockOcclusion.png using Guid(bb14626fa3aa3aa4ba0c22e62cfd8b58) Importer(815301076,1909f56bfc062723c751e8b465ee728b)  -> (artifact id: '862ba01fed6322fc10e059e55365045f') in 0.009442 seconds 
  Import took 0.012346 seconds .

========================================================================
Received Import Request.
  Time since last request: 0.000209 seconds.
  path: Assets/Textures/ClockDiffuse.png
  artifactKey: Guid(efa9e000e09a8e04e9d2e9030bcc78fb) Importer(815301076,1909f56bfc062723c751e8b465ee728b)
Start importing Assets/Textures/ClockDiffuse.png using Guid(efa9e000e09a8e04e9d2e9030bcc78fb) Importer(815301076,1909f56bfc062723c751e8b465ee728b)  -> (artifact id: '02fde34975f27f10c1269d8474ec397e') in 0.012563 seconds 
  Import took 0.016562 seconds .

========================================================================
Received Import Request.
  Time since last request: 0.000308 seconds.
  path: Assets/Textures/UIPanel.png
  artifactKey: Guid(a5a780e4a881ea44f88afed421a63c3a) Importer(815301076,1909f56bfc062723c751e8b465ee728b)
Start importing Assets/Textures/UIPanel.png using Guid(a5a780e4a881ea44f88afed421a63c3a) Importer(815301076,1909f56bfc062723c751e8b465ee728b)  -> (artifact id: '12815436b5c6f0827316389d4a77c180') in 0.016581 seconds 
  Import took 0.020129 seconds .

========================================================================
Received Import Request.
  Time since last request: 0.000195 seconds.
  path: Assets/Textures/ReflectorSoftboxDiffuse.tif
  artifactKey: Guid(3645f1bcb5fb287409ecc3731e9b1669) Importer(815301076,1909f56bfc062723c751e8b465ee728b)
Start importing Assets/Textures/ReflectorSoftboxDiffuse.tif using Guid(3645f1bcb5fb287409ecc3731e9b1669) Importer(815301076,1909f56bfc062723c751e8b465ee728b)  -> (artifact id: '835ee2b1479e5d4a60c92f429d858477') in 0.009601 seconds 
  Import took 0.013123 seconds .

========================================================================
Received Import Request.
  Time since last request: 0.000174 seconds.
  path: Assets/Textures/BloxDiffuse.png
  artifactKey: Guid(b4d1c7d98e9dba44abe28774b401b5b2) Importer(815301076,1909f56bfc062723c751e8b465ee728b)
Start importing Assets/Textures/BloxDiffuse.png using Guid(b4d1c7d98e9dba44abe28774b401b5b2) Importer(815301076,1909f56bfc062723c751e8b465ee728b)  -> (artifact id: '4977668ece1a6432d73f70c952e7618f') in 0.011279 seconds 
  Import took 0.015113 seconds .

========================================================================
Received Import Request.
  Time since last request: 0.000281 seconds.
  path: Assets/Textures/ZomBunnyNormals.png
  artifactKey: Guid(198e8077dfa85724e949b8ee7111f203) Importer(815301076,1909f56bfc062723c751e8b465ee728b)
Start importing Assets/Textures/ZomBunnyNormals.png using Guid(198e8077dfa85724e949b8ee7111f203) Importer(815301076,1909f56bfc062723c751e8b465ee728b)  -> (artifact id: 'd8de81afd57afa5c06a175cb376a08a6') in 0.010925 seconds 
  Import took 0.013902 seconds .

========================================================================
Received Prepare
Registering precompiled user dll's ...
Registered in 0.006003 seconds.
Begin MonoManager ReloadAssembly
Native extension for WindowsStandalone target not found
Native extension for WebGL target not found
Refreshing native plugins compatible for Editor in 0.75 ms, found 2 plugins.
Preloading 0 native plugins for Editor in 0.00 ms.
Mono: successfully reloaded assembly
- Completed reload, in  0.983 seconds
Platform modules already initialized, skipping
Refreshing native plugins compatible for Editor in 0.79 ms, found 2 plugins.
Preloading 0 native plugins for Editor in 0.00 ms.
Unloading 1968 Unused Serialized files (Serialized files now loaded: 0)
System memory in use before: 85.0 MB.
System memory in use after: 85.1 MB.

Unloading 50 unused Assets to reduce memory usage. Loaded Objects now: 2407.
Total: 10.462000 ms (FindLiveObjects: 0.439800 ms CreateObjectMapping: 0.049000 ms MarkObjects: 9.864900 ms  DeleteObjects: 0.105900 ms)

AssetImportParameters requested are different than current active one (requested -> active):
  custom:framework-win-MediaFoundation: 216162199b28c13a410421893ffa2e32 -> 
  custom:video-decoder-ogg-theora: a1e56fd34408186e4bbccfd4996cb3dc -> 
  custom:container-muxer-webm: aa71ff27fc2769a1b78a27578f13a17b -> 
  custom:container-demuxer-webm: 4f35f7cbe854078d1ac9338744f61a02 -> 
  custom:container-demuxer-ogg: 62fdf1f143b41e24485cea50d1cbac27 -> 
  custom:video-encoder-webm-vp8: eb34c28f22e8b96e1ab97ce403110664 -> 
  custom:video-decoder-webm-vp8: 9c59270c3fd7afecdb556c50c9e8de78 -> 
  custom:audio-decoder-ogg-vorbis: bf7c407c2cedff20999df2af8eb42d56 -> 
  custom:audio-encoder-webm-vorbis: bf7c407c2cedff20999df2af8eb42d56 -> 
========================================================================
Received Import Request.
  Time since last request: 109.471081 seconds.
  path: Assets/_CompletedAssets/Scenes/Complete-Game-Lighting/ReflectionProbe-0.exr
  artifactKey: Guid(66f307a73cf254134b393be894fa7a18) Importer(815301076,1909f56bfc062723c751e8b465ee728b)
Start importing Assets/_CompletedAssets/Scenes/Complete-Game-Lighting/ReflectionProbe-0.exr using Guid(66f307a73cf254134b393be894fa7a18) Importer(815301076,1909f56bfc062723c751e8b465ee728b)  -> (artifact id: '3f5e5e10a157bc6165c5c88d989bc041') in 0.072814 seconds 
  Import took 0.078842 seconds .

========================================================================
Received Import Request.
  Time since last request: 0.000208 seconds.
  path: Assets/_CompletedAssets/Scenes/Complete-Game-Lighting/ReflectionProbe-1.exr
  artifactKey: Guid(5cd332c5fe2654a9da0dd879da188cd8) Importer(815301076,1909f56bfc062723c751e8b465ee728b)
Start importing Assets/_CompletedAssets/Scenes/Complete-Game-Lighting/ReflectionProbe-1.exr using Guid(5cd332c5fe2654a9da0dd879da188cd8) Importer(815301076,1909f56bfc062723c751e8b465ee728b)  -> (artifact id: 'fa1581fe10c1a74e66719cc0895f93bd') in 0.015284 seconds 
  Import took 0.018547 seconds .

========================================================================
Received Import Request.
  Time since last request: 0.000151 seconds.
  path: Assets/_CompletedAssets/Scenes/Complete-Game-Lighting/ReflectionProbe-0.exr
  artifactKey: Guid(66f307a73cf254134b393be894fa7a18) Importer(815301076,1909f56bfc062723c751e8b465ee728b)
Start importing Assets/_CompletedAssets/Scenes/Complete-Game-Lighting/ReflectionProbe-0.exr using Guid(66f307a73cf254134b393be894fa7a18) Importer(815301076,1909f56bfc062723c751e8b465ee728b)  -> (artifact id: '3f5e5e10a157bc6165c5c88d989bc041') in 0.014513 seconds 
  Import took 0.017149 seconds .

========================================================================
Received Import Request.
  Time since last request: 0.000188 seconds.
  path: Assets/_CompletedAssets/Scenes/Complete-Game-Lighting/ReflectionProbe-1.exr
  artifactKey: Guid(5cd332c5fe2654a9da0dd879da188cd8) Importer(815301076,1909f56bfc062723c751e8b465ee728b)
Start importing Assets/_CompletedAssets/Scenes/Complete-Game-Lighting/ReflectionProbe-1.exr using Guid(5cd332c5fe2654a9da0dd879da188cd8) Importer(815301076,1909f56bfc062723c751e8b465ee728b)  -> (artifact id: 'fa1581fe10c1a74e66719cc0895f93bd') in 0.019583 seconds 
  Import took 0.022685 seconds .

========================================================================
Received Import Request.
  Time since last request: 0.000351 seconds.
  path: Packages/com.unity.purchasing/Icons/UnityEngine.Purchasing.IAPButtonIcon.png
  artifactKey: Guid(55e457740fe60405dac77af143e1a867) Importer(815301076,1909f56bfc062723c751e8b465ee728b)
Start importing Packages/com.unity.purchasing/Icons/UnityEngine.Purchasing.IAPButtonIcon.png using Guid(55e457740fe60405dac77af143e1a867) Importer(815301076,1909f56bfc062723c751e8b465ee728b)  -> (artifact id: '33e4e5e9a5bd3ee269e682af36432d90') in 0.011761 seconds 
  Import took 0.016487 seconds .

========================================================================
Received Import Request.
  Time since last request: 0.000611 seconds.
  path: Assets/TutorialInfo/Icons/SurvivalShooter.png
  artifactKey: Guid(1c1b0d6db7f74e14898ca9196f1bae86) Importer(815301076,1909f56bfc062723c751e8b465ee728b)
Start importing Assets/TutorialInfo/Icons/SurvivalShooter.png using Guid(1c1b0d6db7f74e14898ca9196f1bae86) Importer(815301076,1909f56bfc062723c751e8b465ee728b)  -> (artifact id: '7e233c729489903da7e902378505ad8b') in 0.011870 seconds 
  Import took 0.015965 seconds .

========================================================================
Received Import Request.
  Time since last request: 2.224274 seconds.
  path: Assets/TutorialInfo/Icons/Help_Icon.png
  artifactKey: Guid(a186f8a87ca4f4d3aa864638ad5dfb65) Importer(815301076,1909f56bfc062723c751e8b465ee728b)
Start importing Assets/TutorialInfo/Icons/Help_Icon.png using Guid(a186f8a87ca4f4d3aa864638ad5dfb65) Importer(815301076,1909f56bfc062723c751e8b465ee728b)  -> (artifact id: 'be1b41234bb5f8a31185a68fb8199381') in 0.012686 seconds 
  Import took 0.016462 seconds .

========================================================================
Received Import Request.
  Time since last request: 0.000269 seconds.
  path: Assets/_CompletedAssets/MobileInput/Textures/Joystick.png
  artifactKey: Guid(638fc845a025ad14380085a7c6b6c5e2) Importer(815301076,1909f56bfc062723c751e8b465ee728b)
Start importing Assets/_CompletedAssets/MobileInput/Textures/Joystick.png using Guid(638fc845a025ad14380085a7c6b6c5e2) Importer(815301076,1909f56bfc062723c751e8b465ee728b)  -> (artifact id: '3381cebc1f3fbfc99ff58bd94766d385') in 0.023293 seconds 
  Import took 0.026945 seconds .

========================================================================
Received Import Request.
  Time since last request: 0.000296 seconds.
  path: Packages/com.unity.purchasing/Icons/LinkBlack.png
  artifactKey: Guid(33d3dd2c39dfd49a3b2d36b20225624a) Importer(815301076,1909f56bfc062723c751e8b465ee728b)
Start importing Packages/com.unity.purchasing/Icons/LinkBlack.png using Guid(33d3dd2c39dfd49a3b2d36b20225624a) Importer(815301076,1909f56bfc062723c751e8b465ee728b)  -> (artifact id: '49c63eb802c3b4ce42fbd2ad427f9e7e') in 0.009966 seconds 
  Import took 0.014418 seconds .

========================================================================
Received Import Request.
  Time since last request: 0.000275 seconds.
  path: Assets/_CompletedAssets/MobileInput/Textures/Joystick.png
  artifactKey: Guid(638fc845a025ad14380085a7c6b6c5e2) Importer(815301076,1909f56bfc062723c751e8b465ee728b)
Start importing Assets/_CompletedAssets/MobileInput/Textures/Joystick.png using Guid(638fc845a025ad14380085a7c6b6c5e2) Importer(815301076,1909f56bfc062723c751e8b465ee728b)  -> (artifact id: '3381cebc1f3fbfc99ff58bd94766d385') in 0.010168 seconds 
  Import took 0.013308 seconds .

========================================================================
Received Import Request.
  Time since last request: 0.000162 seconds.
  path: Assets/TutorialInfo/Icons/Help_Icon.png
  artifactKey: Guid(a186f8a87ca4f4d3aa864638ad5dfb65) Importer(815301076,1909f56bfc062723c751e8b465ee728b)
Start importing Assets/TutorialInfo/Icons/Help_Icon.png using Guid(a186f8a87ca4f4d3aa864638ad5dfb65) Importer(815301076,1909f56bfc062723c751e8b465ee728b)  -> (artifact id: 'be1b41234bb5f8a31185a68fb8199381') in 0.004847 seconds 
  Import took 0.007393 seconds .

========================================================================
Received Import Request.
  Time since last request: 0.000164 seconds.
  path: Packages/com.unity.purchasing/Icons/LinkWhite.png
  artifactKey: Guid(e679a29ca22bc4fa0bd848bd79a42b79) Importer(815301076,1909f56bfc062723c751e8b465ee728b)
Start importing Packages/com.unity.purchasing/Icons/LinkWhite.png using Guid(e679a29ca22bc4fa0bd848bd79a42b79) Importer(815301076,1909f56bfc062723c751e8b465ee728b)  -> (artifact id: '03d04b06cdb059b7f85a313bebe5800e') in 0.012178 seconds 
  Import took 0.016106 seconds .

AssetImportWorkerClient::OnTransportError - code=2 error=End of file
